c:\users\david\cs2mid\midtermspring24\midtermspring24\midtermspring24\x64\debug\vc143.pdb
c:\users\david\cs2mid\midtermspring24\midtermspring24\midtermspring24\x64\debug\vc143.idb
c:\users\david\cs2mid\midtermspring24\midtermspring24\midtermspring24\x64\debug\project.obj
c:\users\david\cs2mid\midtermspring24\midtermspring24\midtermspring24\x64\debug\manages.obj
c:\users\david\cs2mid\midtermspring24\midtermspring24\midtermspring24\x64\debug\empworkdept.obj
c:\users\david\cs2mid\midtermspring24\midtermspring24\midtermspring24\x64\debug\dependant.obj
c:\users\david\cs2mid\midtermspring24\midtermspring24\midtermspring24\x64\debug\depcontrolpro.obj
c:\users\david\cs2mid\midtermspring24\midtermspring24\midtermspring24\x64\debug\department.obj
c:\users\david\cs2mid\midtermspring24\midtermspring24\midtermspring24\x64\debug\midtermspring24.obj
c:\users\david\cs2mid\midtermspring24\midtermspring24\midtermspring24\x64\debug\employeeinfo.obj
c:\users\david\cs2mid\midtermspring24\midtermspring24\midtermspring24\x64\debug\midtermspring24.ilk
c:\users\david\cs2mid\midtermspring24\midtermspring24\x64\debug\midtermspring24.pdb
c:\users\david\cs2mid\midtermspring24\midtermspring24\midtermspring24\x64\debug\midtermspring24.tlog\cl.command.1.tlog
c:\users\david\cs2mid\midtermspring24\midtermspring24\midtermspring24\x64\debug\midtermspring24.tlog\cl.items.tlog
c:\users\david\cs2mid\midtermspring24\midtermspring24\midtermspring24\x64\debug\midtermspring24.tlog\cl.read.1.tlog
c:\users\david\cs2mid\midtermspring24\midtermspring24\midtermspring24\x64\debug\midtermspring24.tlog\cl.write.1.tlog
c:\users\david\cs2mid\midtermspring24\midtermspring24\midtermspring24\x64\debug\midtermspring24.tlog\link-cvtres.read.1.tlog
c:\users\david\cs2mid\midtermspring24\midtermspring24\midtermspring24\x64\debug\midtermspring24.tlog\link-cvtres.write.1.tlog
c:\users\david\cs2mid\midtermspring24\midtermspring24\midtermspring24\x64\debug\midtermspring24.tlog\link-rc.read.1.tlog
c:\users\david\cs2mid\midtermspring24\midtermspring24\midtermspring24\x64\debug\midtermspring24.tlog\link-rc.write.1.tlog
c:\users\david\cs2mid\midtermspring24\midtermspring24\midtermspring24\x64\debug\midtermspring24.tlog\link.38696-cvtres.read.1.tlog
c:\users\david\cs2mid\midtermspring24\midtermspring24\midtermspring24\x64\debug\midtermspring24.tlog\link.38696-cvtres.write.1.tlog
c:\users\david\cs2mid\midtermspring24\midtermspring24\midtermspring24\x64\debug\midtermspring24.tlog\link.38696-rc.read.1.tlog
c:\users\david\cs2mid\midtermspring24\midtermspring24\midtermspring24\x64\debug\midtermspring24.tlog\link.38696-rc.write.1.tlog
c:\users\david\cs2mid\midtermspring24\midtermspring24\midtermspring24\x64\debug\midtermspring24.tlog\link.38696.read.1.tlog
c:\users\david\cs2mid\midtermspring24\midtermspring24\midtermspring24\x64\debug\midtermspring24.tlog\link.38696.read.2.tlog
c:\users\david\cs2mid\midtermspring24\midtermspring24\midtermspring24\x64\debug\midtermspring24.tlog\link.38696.read.3.tlog
c:\users\david\cs2mid\midtermspring24\midtermspring24\midtermspring24\x64\debug\midtermspring24.tlog\link.38696.read.5.tlog
c:\users\david\cs2mid\midtermspring24\midtermspring24\midtermspring24\x64\debug\midtermspring24.tlog\link.38696.write.1.tlog
c:\users\david\cs2mid\midtermspring24\midtermspring24\midtermspring24\x64\debug\midtermspring24.tlog\link.command.1.tlog
c:\users\david\cs2mid\midtermspring24\midtermspring24\midtermspring24\x64\debug\midtermspring24.tlog\link.read.1.tlog
c:\users\david\cs2mid\midtermspring24\midtermspring24\midtermspring24\x64\debug\midtermspring24.tlog\link.read.2.tlog
c:\users\david\cs2mid\midtermspring24\midtermspring24\midtermspring24\x64\debug\midtermspring24.tlog\link.read.3.tlog
c:\users\david\cs2mid\midtermspring24\midtermspring24\midtermspring24\x64\debug\midtermspring24.tlog\link.read.4.tlog
c:\users\david\cs2mid\midtermspring24\midtermspring24\midtermspring24\x64\debug\midtermspring24.tlog\link.secondary.1.tlog
c:\users\david\cs2mid\midtermspring24\midtermspring24\midtermspring24\x64\debug\midtermspring24.tlog\link.write.1.tlog
